Determining if the pthread_create exist failed with the following output:
Change Dir: /home/crecheverri/flota_robots/nebulizador_ws/build/CMakeFiles/CMakeTmp

Run Build Command:"/usr/bin/make" "cmTC_121da/fast"
/usr/bin/make -f CMakeFiles/cmTC_121da.dir/build.make CMakeFiles/cmTC_121da.dir/build
make[1]: Entering directory '/home/crecheverri/flota_robots/nebulizador_ws/build/CMakeFiles/CMakeTmp'
Building C object CMakeFiles/cmTC_121da.dir/CheckSymbolExists.c.o
/usr/bin/cc    -o CMakeFiles/cmTC_121da.dir/CheckSymbolExists.c.o   -c /home/crecheverri/flota_robots/nebulizador_ws/build/CMakeFiles/CMakeTmp/CheckSymbolExists.c
Linking C executable cmTC_121da
/usr/bin/cmake -E cmake_link_script CMakeFiles/cmTC_121da.dir/link.txt --verbose=1
/usr/bin/cc      -rdynamic CMakeFiles/cmTC_121da.dir/CheckSymbolExists.c.o  -o cmTC_121da 
CMakeFiles/cmTC_121da.dir/CheckSymbolExists.c.o: In function `main':
CheckSymbolExists.c:(.text+0x1b): undefined reference to `pthread_create'
collect2: error: ld returned 1 exit status
CMakeFiles/cmTC_121da.dir/build.make:97: recipe for target 'cmTC_121da' failed
make[1]: *** [cmTC_121da] Error 1
make[1]: Leaving directory '/home/crecheverri/flota_robots/nebulizador_ws/build/CMakeFiles/CMakeTmp'
Makefile:126: recipe for target 'cmTC_121da/fast' failed
make: *** [cmTC_121da/fast] Error 2

File /home/crecheverri/flota_robots/nebulizador_ws/build/CMakeFiles/CMakeTmp/CheckSymbolExists.c:
/* */
#include <pthread.h>

int main(int argc, char** argv)
{
  (void)argv;
#ifndef pthread_create
  return ((int*)(&pthread_create))[argc];
#else
  (void)argc;
  return 0;
#endif
}

Determining if the function pthread_create exists in the pthreads failed with the following output:
Change Dir: /home/crecheverri/flota_robots/nebulizador_ws/build/CMakeFiles/CMakeTmp

Run Build Command:"/usr/bin/make" "cmTC_7cf3b/fast"
/usr/bin/make -f CMakeFiles/cmTC_7cf3b.dir/build.make CMakeFiles/cmTC_7cf3b.dir/build
make[1]: Entering directory '/home/crecheverri/flota_robots/nebulizador_ws/build/CMakeFiles/CMakeTmp'
Building C object CMakeFiles/cmTC_7cf3b.dir/CheckFunctionExists.c.o
/usr/bin/cc   -DCHECK_FUNCTION_EXISTS=pthread_create   -o CMakeFiles/cmTC_7cf3b.dir/CheckFunctionExists.c.o   -c /usr/share/cmake-3.10/Modules/CheckFunctionExists.c
Linking C executable cmTC_7cf3b
/usr/bin/cmake -E cmake_link_script CMakeFiles/cmTC_7cf3b.dir/link.txt --verbose=1
/usr/bin/cc  -DCHECK_FUNCTION_EXISTS=pthread_create    -rdynamic CMakeFiles/cmTC_7cf3b.dir/CheckFunctionExists.c.o  -o cmTC_7cf3b -lpthreads 
/usr/bin/ld: cannot find -lpthreads
collect2: error: ld returned 1 exit status
CMakeFiles/cmTC_7cf3b.dir/build.make:97: recipe for target 'cmTC_7cf3b' failed
make[1]: *** [cmTC_7cf3b] Error 1
make[1]: Leaving directory '/home/crecheverri/flota_robots/nebulizador_ws/build/CMakeFiles/CMakeTmp'
Makefile:126: recipe for target 'cmTC_7cf3b/fast' failed
make: *** [cmTC_7cf3b/fast] Error 2


